[debug] [2022-12-04T20:57:55.328Z] ----------------------------------------------------------------------
[debug] [2022-12-04T20:57:55.331Z] Command:       /usr/local/bin/node /usr/local/bin/firebase init
[debug] [2022-12-04T20:57:55.332Z] CLI Version:   11.16.1
[debug] [2022-12-04T20:57:55.332Z] Platform:      darwin
[debug] [2022-12-04T20:57:55.332Z] Node Version:  v18.12.1
[debug] [2022-12-04T20:57:55.343Z] Time:          Sun Dec 04 2022 14:57:55 GMT-0600 (Central Standard Time)
[debug] [2022-12-04T20:57:55.343Z] ----------------------------------------------------------------------
[debug] 
[debug] [2022-12-04T20:57:55.353Z] > command requires scopes: ["email","openid","https://www.googleapis.com/auth/cloudplatformprojects.readonly","https://www.googleapis.com/auth/firebase","https://www.googleapis.com/auth/cloud-platform"]
[debug] [2022-12-04T20:57:55.354Z] > authorizing via signed-in user (cpacha048@gmail.com)
[info] 
     ######## #### ########  ######## ########     ###     ######  ########
     ##        ##  ##     ## ##       ##     ##  ##   ##  ##       ##
     ######    ##  ########  ######   ########  #########  ######  ######
     ##        ##  ##    ##  ##       ##     ## ##     ##       ## ##
     ##       #### ##     ## ######## ########  ##     ##  ######  ########

You're about to initialize a Firebase project in this directory:

  /Users/carlospacha/Documents/CS506-Final-Project/CS506-Final-project/Front-end development

[info] 
=== Project Setup
[info] 
[info] First, let's associate this project directory with a Firebase project.
[info] You can create multiple project aliases by running firebase use --add, 
[info] but for now we'll just set up a default project.
[info] 
[debug] [2022-12-04T20:59:03.346Z] > refreshing access token with scopes: []
[debug] [2022-12-04T20:59:03.350Z] >>> [apiv2][query] POST https://www.googleapis.com/oauth2/v3/token [none]
[debug] [2022-12-04T20:59:03.350Z] >>> [apiv2][body] POST https://www.googleapis.com/oauth2/v3/token [omitted]
[debug] [2022-12-04T20:59:03.822Z] <<< [apiv2][status] POST https://www.googleapis.com/oauth2/v3/token 200
[debug] [2022-12-04T20:59:03.822Z] <<< [apiv2][body] POST https://www.googleapis.com/oauth2/v3/token [omitted]
[debug] [2022-12-04T20:59:03.868Z] >>> [apiv2][query] GET https://firebase.googleapis.com/v1beta1/projects pageSize=100
[debug] [2022-12-04T20:59:04.186Z] <<< [apiv2][status] GET https://firebase.googleapis.com/v1beta1/projects 200
[debug] [2022-12-04T20:59:04.186Z] <<< [apiv2][body] GET https://firebase.googleapis.com/v1beta1/projects [omitted]
[info] i  Using project cs506-final-project (CS506 Final Project) 
[info] 
=== Hosting Setup
[info] 
[info] Your public directory is the folder (relative to your project directory) that
[info] will contain Hosting assets to be uploaded with firebase deploy. If you
[info] have a build process for your assets, use your build's output directory.
[info] 
[info] ✔  Wrote y/404.html 
[debug] [2022-12-04T21:01:22.816Z] >>> [apiv2][query] GET https://www.gstatic.com/firebasejs/releases.json [none]
[debug] [2022-12-04T21:01:23.132Z] <<< [apiv2][status] GET https://www.gstatic.com/firebasejs/releases.json 200
[debug] [2022-12-04T21:01:23.132Z] <<< [apiv2][body] GET https://www.gstatic.com/firebasejs/releases.json {"current":{"version":"9.14.0","browserURL":"https://www.gstatic.com/firebasejs/9.14.0/firebase.js","packageURL":"https://www.gstatic.com/firebasejs/9.14.0/firebase.tgz"},"live":{"version":"9.14","browserURL":"https://www.gstatic.com/firebasejs/live/9.14/firebase.js","packageURL":"https://www.gstatic.com/firebasejs/live/9.14/firebase.tgz"},"components":{"analytics":"https://www.gstatic.com/firebasejs/9.14.0/firebase-analytics.js","app":"https://www.gstatic.com/firebasejs/9.14.0/firebase-app.js","app-check":"https://www.gstatic.com/firebasejs/9.14.0/firebase-app-check.js","auth":"https://www.gstatic.com/firebasejs/9.14.0/firebase-auth.js","auth/cordova":"https://www.gstatic.com/firebasejs/9.14.0/firebase-auth/cordova.js","auth/react-native":"https://www.gstatic.com/firebasejs/9.14.0/firebase-auth/react-native.js","functions":"https://www.gstatic.com/firebasejs/9.14.0/firebase-functions.js","firestore":"https://www.gstatic.com/firebasejs/9.14.0/firebase-firestore.js","firestore/lite":"https://www.gstatic.com/firebasejs/9.14.0/firebase-firestore/lite.js","installations":"https://www.gstatic.com/firebasejs/9.14.0/firebase-installations.js","storage":"https://www.gstatic.com/firebasejs/9.14.0/firebase-storage.js","performance":"https://www.gstatic.com/firebasejs/9.14.0/firebase-performance.js","remote-config":"https://www.gstatic.com/firebasejs/9.14.0/firebase-remote-config.js","messaging":"https://www.gstatic.com/firebasejs/9.14.0/firebase-messaging.js","messaging/sw":"https://www.gstatic.com/firebasejs/9.14.0/firebase-messaging/sw.js","database":"https://www.gstatic.com/firebasejs/9.14.0/firebase-database.js","firestore.memory":"https://www.gstatic.com/firebasejs/9.14.0/firebase-firestore.memory.js"}}
[info] ✔  Wrote y/index.html 
[info] 
[info] i  Detected a .git folder at /Users/carlospacha/Documents/CS506-Final-Project/CS506-Final-project 
[info] i  Authorizing with GitHub to upload your service account to a GitHub repository's secrets store. 
[info] 
[info] Visit this URL on this device to log in:
[info] https://github.com/login/oauth/authorize?client_id=89cf50f02ac6aaed3484&state=657436162&redirect_uri=http%3A%2F%2Flocalhost%3A9005&scope=read%3Auser%20repo%20public_repo
[info] 
[info] Waiting for authentication...
[debug] [2022-12-04T21:01:24.165Z] >>> [apiv2][query] POST https://github.com/login/oauth/access_token [none]
[debug] [2022-12-04T21:01:24.165Z] >>> [apiv2][body] POST https://github.com/login/oauth/access_token [stream]
[debug] [2022-12-04T21:01:24.438Z] <<< [apiv2][status] POST https://github.com/login/oauth/access_token 200
[debug] [2022-12-04T21:01:24.439Z] <<< [apiv2][body] POST https://github.com/login/oauth/access_token {"access_token":"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","token_type":"bearer","scope":"read:user,repo"}
[debug] [2022-12-04T21:01:24.447Z] >>> [apiv2][query] GET https://api.github.com/user [none]
[debug] [2022-12-04T21:01:24.912Z] <<< [apiv2][status] GET https://api.github.com/user 200
[debug] [2022-12-04T21:01:24.912Z] <<< [apiv2][body] GET https://api.github.com/user {"login":"LaFuriaPacha","id":86452932,"node_id":"MDQ6VXNlcjg2NDUyOTMy","avatar_url":"https://avatars.githubusercontent.com/u/86452932?v=4","gravatar_id":"","url":"https://api.github.com/users/LaFuriaPacha","html_url":"https://github.com/LaFuriaPacha","followers_url":"https://api.github.com/users/LaFuriaPacha/followers","following_url":"https://api.github.com/users/LaFuriaPacha/following{/other_user}","gists_url":"https://api.github.com/users/LaFuriaPacha/gists{/gist_id}","starred_url":"https://api.github.com/users/LaFuriaPacha/starred{/owner}{/repo}","subscriptions_url":"https://api.github.com/users/LaFuriaPacha/subscriptions","organizations_url":"https://api.github.com/users/LaFuriaPacha/orgs","repos_url":"https://api.github.com/users/LaFuriaPacha/repos","events_url":"https://api.github.com/users/LaFuriaPacha/events{/privacy}","received_events_url":"https://api.github.com/users/LaFuriaPacha/received_events","type":"User","site_admin":false,"name":"Carlos Pacha Pinto","company":null,"blog":"","location":null,"email":null,"hireable":null,"bio":null,"twitter_username":null,"public_repos":16,"public_gists":0,"followers":0,"following":0,"created_at":"2021-06-25T03:07:27Z","updated_at":"2022-11-29T02:13:18Z","private_gists":0,"total_private_repos":2,"owned_private_repos":2,"disk_usage":2922,"collaborators":0,"two_factor_authentication":false,"plan":{"name":"free","space":976562499,"collaborators":0,"private_repos":10000}}
[info] 
[info] ✔  Success! Logged into GitHub as LaFuriaPacha 
[info] 
